
Apr 12, 2024 15:10:08.30 NEW SESSION
Apr 12, 2024 15:10:08.32 [10192:19152:0412/151008.304:ERROR:connection_factory_impl.cc(434)] Failed to connect to MCS endpoint with error -106
Apr 12, 2024 15:10:27.07 [11480:18028:0412/151027.072:ERROR:connection_factory_impl.cc(434)] Failed to connect to MCS endpoint with error -106
Apr 12, 2024 15:10:27.68 INFO: Created TensorFlow Lite XNNPACK delegate for CPU.
Apr 12, 2024 15:10:27.68 WARNING: Attempting to use a delegate that only supports static-sized tensors with a graph that has dynamic-sized tensors (tensor#141 is a dynamic-sized tensor).
Apr 12, 2024 15:17:05.69 [5396:8488:0412/151705.690:ERROR:connection_factory_impl.cc(434)] Failed to connect to MCS endpoint with error -106
Apr 12, 2024 15:17:06.67 INFO: Created TensorFlow Lite XNNPACK delegate for CPU.
Apr 12, 2024 15:17:06.68 WARNING: Attempting to use a delegate that only supports static-sized tensors with a graph that has dynamic-sized tensors (tensor#141 is a dynamic-sized tensor).
Apr 12, 2024 15:17:31.36 [5396:8488:0412/151731.364:ERROR:connection_factory_impl.cc(434)] Failed to connect to MCS endpoint with error -106
Apr 12, 2024 15:19:46.47 [21384:11024:0412/151946.471:ERROR:connection_factory_impl.cc(434)] Failed to connect to MCS endpoint with error -106
Apr 12, 2024 15:19:47.02 INFO: Created TensorFlow Lite XNNPACK delegate for CPU.
Apr 12, 2024 15:19:47.03 WARNING: Attempting to use a delegate that only supports static-sized tensors with a graph that has dynamic-sized tensors (tensor#141 is a dynamic-sized tensor).
Apr 12, 2024 15:23:25.92 [8112:3692:0412/152325.926:ERROR:connection_factory_impl.cc(434)] Failed to connect to MCS endpoint with error -106
Apr 12, 2024 15:23:26.47 INFO: Created TensorFlow Lite XNNPACK delegate for CPU.
Apr 12, 2024 15:23:26.48 WARNING: Attempting to use a delegate that only supports static-sized tensors with a graph that has dynamic-sized tensors (tensor#141 is a dynamic-sized tensor).

Apr 13, 2024 15:00:17.31 NEW SESSION
Apr 13, 2024 15:00:17.33 [3984:8600:0413/150017.308:ERROR:connection_factory_impl.cc(434)] Failed to connect to MCS endpoint with error -106
Apr 13, 2024 15:00:18.27 INFO: Created TensorFlow Lite XNNPACK delegate for CPU.
Apr 13, 2024 15:00:18.28 WARNING: Attempting to use a delegate that only supports static-sized tensors with a graph that has dynamic-sized tensors (tensor#141 is a dynamic-sized tensor).
Apr 13, 2024 15:00:46.15 [3984:8600:0413/150046.155:ERROR:connection_factory_impl.cc(434)] Failed to connect to MCS endpoint with error -106
Apr 13, 2024 15:04:28.58 [17156:17592:0413/150428.588:ERROR:connection_factory_impl.cc(434)] Failed to connect to MCS endpoint with error -106
Apr 13, 2024 15:04:29.25 INFO: Created TensorFlow Lite XNNPACK delegate for CPU.
Apr 13, 2024 15:04:29.26 WARNING: Attempting to use a delegate that only supports static-sized tensors with a graph that has dynamic-sized tensors (tensor#141 is a dynamic-sized tensor).
Apr 13, 2024 15:04:53.71 [17156:17592:0413/150453.718:ERROR:connection_factory_impl.cc(434)] Failed to connect to MCS endpoint with error -106
Apr 13, 2024 15:05:45.17 [17156:17592:0413/150545.170:ERROR:connection_factory_impl.cc(434)] Failed to connect to MCS endpoint with error -106
Apr 13, 2024 15:07:38.93 [17156:17592:0413/150738.932:ERROR:connection_factory_impl.cc(434)] Failed to connect to MCS endpoint with error -106
Apr 13, 2024 15:16:02.74 [4556:21580:0413/151602.742:ERROR:connection_factory_impl.cc(434)] Failed to connect to MCS endpoint with error -106
Apr 13, 2024 15:16:03.51 INFO: Created TensorFlow Lite XNNPACK delegate for CPU.
Apr 13, 2024 15:16:03.52 WARNING: Attempting to use a delegate that only supports static-sized tensors with a graph that has dynamic-sized tensors (tensor#141 is a dynamic-sized tensor).
Apr 13, 2024 15:16:30.14 [4556:21580:0413/151630.139:ERROR:connection_factory_impl.cc(434)] Failed to connect to MCS endpoint with error -106
Apr 13, 2024 15:17:27.75 [4556:21580:0413/151727.758:ERROR:connection_factory_impl.cc(434)] Failed to connect to MCS endpoint with error -106
Apr 13, 2024 15:18:50.76 [4556:21580:0413/151850.768:ERROR:connection_factory_impl.cc(434)] Failed to connect to MCS endpoint with error -106
Apr 13, 2024 15:21:14.98 [13392:21980:0413/152114.985:ERROR:connection_factory_impl.cc(434)] Failed to connect to MCS endpoint with error -106
Apr 13, 2024 15:21:15.62 INFO: Created TensorFlow Lite XNNPACK delegate for CPU.
Apr 13, 2024 15:21:15.63 WARNING: Attempting to use a delegate that only supports static-sized tensors with a graph that has dynamic-sized tensors (tensor#141 is a dynamic-sized tensor).
Apr 13, 2024 15:21:37.42 [13392:21980:0413/152137.423:ERROR:connection_factory_impl.cc(434)] Failed to connect to MCS endpoint with error -106
Apr 13, 2024 15:22:19.61 [13392:21980:0413/152219.614:ERROR:connection_factory_impl.cc(434)] Failed to connect to MCS endpoint with error -106
Apr 13, 2024 15:24:17.17 [13392:21980:0413/152417.177:ERROR:connection_factory_impl.cc(434)] Failed to connect to MCS endpoint with error -106

Apr 16, 2024 15:45:11.27 NEW SESSION
Apr 16, 2024 15:45:11.33 [24724:25116:0416/154511.270:ERROR:connection_factory_impl.cc(434)] Failed to connect to MCS endpoint with error -106
Apr 16, 2024 15:45:12.16 INFO: Created TensorFlow Lite XNNPACK delegate for CPU.
Apr 16, 2024 15:45:12.18 WARNING: Attempting to use a delegate that only supports static-sized tensors with a graph that has dynamic-sized tensors (tensor#141 is a dynamic-sized tensor).
Apr 16, 2024 15:45:33.29 [24724:25116:0416/154533.296:ERROR:connection_factory_impl.cc(434)] Failed to connect to MCS endpoint with error -106
Apr 16, 2024 15:46:28.89 [24724:25116:0416/154628.898:ERROR:connection_factory_impl.cc(434)] Failed to connect to MCS endpoint with error -106
Apr 16, 2024 15:48:07.92 [24724:25116:0416/154807.927:ERROR:connection_factory_impl.cc(434)] Failed to connect to MCS endpoint with error -106
Apr 16, 2024 15:51:43.63 [24724:25116:0416/155143.638:ERROR:connection_factory_impl.cc(434)] Failed to connect to MCS endpoint with error -106
Apr 16, 2024 15:58:08.68 [24724:25116:0416/155808.680:ERROR:connection_factory_impl.cc(434)] Failed to connect to MCS endpoint with error -106
Apr 16, 2024 16:25:14.89 [24724:25116:0416/162514.892:ERROR:connection_factory_impl.cc(434)] Failed to connect to MCS endpoint with error -106
Apr 16, 2024 16:25:26.59 [24724:15300:0416/162526.593:ERROR:get_updates_processor.cc(263)] PostClientToServerMessage() failed during GetUpdates with error Network error (ERR_ABORTED)

Apr 18, 2024 14:49:07.20 NEW SESSION
Apr 18, 2024 14:49:07.24 INFO: Created TensorFlow Lite XNNPACK delegate for CPU.
Apr 18, 2024 14:49:07.24 WARNING: Attempting to use a delegate that only supports static-sized tensors with a graph that has dynamic-sized tensors (tensor#141 is a dynamic-sized tensor).
